--- Copying files at Thu Dec 16 13:20:35 UTC 2021
--- Copying files at Thu Dec 16 14:21:52 UTC 2021
--- Copying files at Fri Dec 17 09:31:01 UTC 2021
--- Copying files at Tue Dec 21 09:14:42 UTC 2021
--- Copying files at Tue Dec 21 16:04:23 UTC 2021
--- Copying files at Tue Dec 21 18:13:51 UTC 2021
--- Copying files at Tue Dec 21 18:46:16 UTC 2021
--- Copying files at Tue Dec 21 19:59:20 UTC 2021
--- Copying files at Tue Dec 21 20:13:04 UTC 2021
--- Copying files at Wed Dec 22 18:01:50 UTC 2021
--- Copying files at Thu Dec 23 10:25:10 UTC 2021
--- Copying files at Thu Dec 23 11:32:57 UTC 2021
--- Copying files at Thu Dec 23 11:33:16 UTC 2021
--- Copying files at Thu Dec 23 11:34:28 UTC 2021
--- Copying files at Thu Dec 23 12:18:21 UTC 2021
--- Copying files at Thu Dec 23 12:18:52 UTC 2021
--- Copying files at Thu Dec 23 12:22:00 UTC 2021
--- Copying files at Thu Dec 23 12:56:09 UTC 2021
--- Copying files at Thu Dec 23 13:02:40 UTC 2021
--- Copying files at Thu Dec 23 13:15:57 UTC 2021
--- Copying files at Thu Dec 23 13:59:01 UTC 2021
--- Copying files at Thu Dec 23 14:39:55 UTC 2021
--- Copying files at Thu Dec 23 16:13:04 UTC 2021
--- Copying files at Sun Dec 26 11:15:37 UTC 2021
--- Copying files at Mon Jan 31 16:10:12 UTC 2022
--- Copying files at Mon Jan 31 19:21:32 UTC 2022
--- Copying files at Tue Feb  1 11:10:15 UTC 2022
--- Copying files at Tue Feb  1 19:04:14 UTC 2022
--- Copying files at Wed Feb  2 08:56:06 UTC 2022
--- Copying files at Wed Feb  2 10:10:58 UTC 2022
--- Copying files at Wed Feb  2 10:43:48 UTC 2022
--- Copying files at Wed Feb  2 11:29:23 UTC 2022
--- Copying files at Wed Feb  2 11:44:06 UTC 2022
--- Copying files at Wed Feb  2 11:46:24 UTC 2022
--- Copying files at Wed Feb  2 13:00:00 UTC 2022
--- Copying files at Wed Feb  2 13:00:06 UTC 2022
--- Copying files at Wed Feb  2 13:17:02 UTC 2022
--- Copying files at Wed Feb  2 15:28:38 UTC 2022
--- Copying files at Thu Feb  3 09:49:30 UTC 2022
--- Copying files at Thu Feb  3 14:36:18 UTC 2022
--- Copying files at Thu Feb  3 16:30:59 UTC 2022
--- Copying files at Fri Feb  4 08:57:59 UTC 2022
--- Copying files at Fri Feb  4 09:21:12 UTC 2022
--- Copying files at Sat Feb  5 14:57:36 UTC 2022
--- Copying files at Sun Feb  6 19:44:03 UTC 2022
--- Copying files at Sun Feb  6 21:06:44 UTC 2022
--- Copying files at Mon Feb  7 09:52:17 UTC 2022
--- Copying files at Mon Feb  7 15:33:27 UTC 2022
--- Copying files at Tue Feb  8 09:29:53 UTC 2022
--- Copying files at Wed Feb  9 09:07:45 UTC 2022
--- Copying files at Wed Feb  9 09:10:52 UTC 2022
--- Copying files at Thu Feb 10 19:15:12 UTC 2022
--- Copying files at Sat Feb 12 11:28:00 UTC 2022
